<?xml version="1.0" encoding="UTF-8"?>
<!-- Generated by org.testng.reporters.JUnitReportReporter -->
<testsuite skipped="0" hostname="DESKTOP-BOP7INI" name="week3day2.Createlead" tests="1" failures="0" timestamp="25 Jun 2018 18:35:48 GMT" time="22.332" errors="0">
  <testcase name="createlead" time="22.332" classname="week3day2.Createlead"/>
</testsuite> <!-- week3day2.Createlead -->
